  [1m[36m (32.5ms)[0m  [1mCREATE TABLE "schema_migrations" ("version" character varying NOT NULL) [0m
  [1m[35m (47.5ms)[0m  CREATE UNIQUE INDEX  "unique_schema_migrations" ON "schema_migrations"  ("version")
  [1m[36mActiveRecord::SchemaMigration Load (1.0ms)[0m  [1mSELECT "schema_migrations".* FROM "schema_migrations"[0m
  [1m[36mActiveRecord::SchemaMigration Load (0.3ms)[0m  [1mSELECT "schema_migrations".* FROM "schema_migrations"[0m
Migrating to CreateProjects (20150810082220)
  [1m[35m (0.1ms)[0m  BEGIN
  [1m[36m (137.5ms)[0m  [1mCREATE TABLE "projects" ("id" serial primary key, "title" character varying, "description" text, "company" character varying, "location" character varying, "supervisior" character varying, "date" timestamp, "manday" integer, "workingweek" integer, "holiday" integer, "user_id" integer, "created_at" timestamp NOT NULL, "updated_at" timestamp NOT NULL) [0m
  [1m[35mSQL (0.4ms)[0m  INSERT INTO "schema_migrations" ("version") VALUES ($1)  [["version", "20150810082220"]]
  [1m[36m (1.4ms)[0m  [1mCOMMIT[0m
Migrating to CreateProjectCategories (20150810082347)
  [1m[35m (0.1ms)[0m  BEGIN
  [1m[36m (31.3ms)[0m  [1mCREATE TABLE "project_categories" ("id" serial primary key, "description" character varying, "project_id" integer, "created_at" timestamp NOT NULL, "updated_at" timestamp NOT NULL) [0m
  [1m[35m (6.0ms)[0m  CREATE  INDEX  "index_project_categories_on_project_id" ON "project_categories"  ("project_id")
  [1m[36m (2.7ms)[0m  [1mALTER TABLE "project_categories" ADD CONSTRAINT "fk_rails_f326f1b6e3"
FOREIGN KEY ("project_id")
  REFERENCES "projects" ("id")
[0m
  [1m[35mSQL (0.9ms)[0m  INSERT INTO "schema_migrations" ("version") VALUES ($1)  [["version", "20150810082347"]]
  [1m[36m (2.0ms)[0m  [1mCOMMIT[0m
Migrating to CreateTasks (20150810082500)
  [1m[35m (0.2ms)[0m  BEGIN
  [1m[36m (41.5ms)[0m  [1mCREATE TABLE "tasks" ("id" serial primary key, "description" character varying, "startdate" timestamp, "enddate" timestamp, "toatalmandays" integer, "project_category_id" integer, "created_at" timestamp NOT NULL, "updated_at" timestamp NOT NULL) [0m
  [1m[35m (2.7ms)[0m  CREATE  INDEX  "index_tasks_on_project_category_id" ON "tasks"  ("project_category_id")
  [1m[36m (1.1ms)[0m  [1mALTER TABLE "tasks" ADD CONSTRAINT "fk_rails_45f32bc4eb"
FOREIGN KEY ("project_category_id")
  REFERENCES "project_categories" ("id")
[0m
  [1m[35mSQL (0.1ms)[0m  INSERT INTO "schema_migrations" ("version") VALUES ($1)  [["version", "20150810082500"]]
  [1m[36m (7.2ms)[0m  [1mCOMMIT[0m
  [1m[35mActiveRecord::SchemaMigration Load (0.2ms)[0m  SELECT "schema_migrations".* FROM "schema_migrations"
  [1m[36m (2.4ms)[0m  [1mSELECT t2.oid::regclass::text AS to_table, a1.attname AS column, a2.attname AS primary_key, c.conname AS name, c.confupdtype AS on_update, c.confdeltype AS on_delete
FROM pg_constraint c
JOIN pg_class t1 ON c.conrelid = t1.oid
JOIN pg_class t2 ON c.confrelid = t2.oid
JOIN pg_attribute a1 ON a1.attnum = c.conkey[1] AND a1.attrelid = t1.oid
JOIN pg_attribute a2 ON a2.attnum = c.confkey[1] AND a2.attrelid = t2.oid
JOIN pg_namespace t3 ON c.connamespace = t3.oid
WHERE c.contype = 'f'
  AND t1.relname = 'project_categories'
  AND t3.nspname = ANY (current_schemas(false))
ORDER BY c.conname
[0m
  [1m[35m (2.0ms)[0m  SELECT t2.oid::regclass::text AS to_table, a1.attname AS column, a2.attname AS primary_key, c.conname AS name, c.confupdtype AS on_update, c.confdeltype AS on_delete
FROM pg_constraint c
JOIN pg_class t1 ON c.conrelid = t1.oid
JOIN pg_class t2 ON c.confrelid = t2.oid
JOIN pg_attribute a1 ON a1.attnum = c.conkey[1] AND a1.attrelid = t1.oid
JOIN pg_attribute a2 ON a2.attnum = c.confkey[1] AND a2.attrelid = t2.oid
JOIN pg_namespace t3 ON c.connamespace = t3.oid
WHERE c.contype = 'f'
  AND t1.relname = 'projects'
  AND t3.nspname = ANY (current_schemas(false))
ORDER BY c.conname

  [1m[36m (2.2ms)[0m  [1mSELECT t2.oid::regclass::text AS to_table, a1.attname AS column, a2.attname AS primary_key, c.conname AS name, c.confupdtype AS on_update, c.confdeltype AS on_delete
FROM pg_constraint c
JOIN pg_class t1 ON c.conrelid = t1.oid
JOIN pg_class t2 ON c.confrelid = t2.oid
JOIN pg_attribute a1 ON a1.attnum = c.conkey[1] AND a1.attrelid = t1.oid
JOIN pg_attribute a2 ON a2.attnum = c.confkey[1] AND a2.attrelid = t2.oid
JOIN pg_namespace t3 ON c.connamespace = t3.oid
WHERE c.contype = 'f'
  AND t1.relname = 'tasks'
  AND t3.nspname = ANY (current_schemas(false))
ORDER BY c.conname
[0m


Started GET "/projects/new" for 127.0.0.1 at 2015-08-10 03:26:44 -0500
  [1m[36mActiveRecord::SchemaMigration Load (0.5ms)[0m  [1mSELECT "schema_migrations".* FROM "schema_migrations"[0m
Processing by ProjectsController#new as HTML
  Rendered projects/_form.html.erb (19.2ms)
  Rendered projects/new.html.erb within layouts/application (24.7ms)
Completed 200 OK in 946ms (Views: 890.2ms | ActiveRecord: 14.7ms)


Started GET "/assets/scaffolds.self-8c8c0a2a103b9fea3b840cf1dd5ed8c981f6a54c7cd85e7c8776623afeb8020c.css?body=1" for 127.0.0.1 at 2015-08-10 03:26:46 -0500


Started GET "/project_categories" for 127.0.0.1 at 2015-08-10 03:27:02 -0500
Processing by ProjectCategoriesController#index as HTML
  [1m[35mProjectCategory Load (0.6ms)[0m  SELECT "project_categories".* FROM "project_categories"
  Rendered project_categories/index.html.erb within layouts/application (14.1ms)
Completed 200 OK in 103ms (Views: 92.9ms | ActiveRecord: 2.1ms)


Started GET "/project_categories/new" for 127.0.0.1 at 2015-08-10 03:27:05 -0500
Processing by ProjectCategoriesController#new as HTML
  Rendered project_categories/_form.html.erb (4.6ms)
  Rendered project_categories/new.html.erb within layouts/application (6.5ms)
Completed 200 OK in 73ms (Views: 67.9ms | ActiveRecord: 0.5ms)


Started GET "/project_categories" for 127.0.0.1 at 2015-08-10 03:44:57 -0500
Processing by ProjectCategoriesController#index as HTML
  [1m[36mProjectCategory Load (3.5ms)[0m  [1mSELECT "project_categories".* FROM "project_categories"[0m
  Rendered project_categories/index.html.erb within layouts/application (6.3ms)
Completed 200 OK in 83ms (Views: 66.6ms | ActiveRecord: 4.1ms)


Started GET "/project" for 127.0.0.1 at 2015-08-10 03:45:02 -0500

ActionController::RoutingError (No route matches [GET] "/project"):
  actionpack (4.2.3) lib/action_dispatch/middleware/debug_exceptions.rb:21:in `call'
  web-console (2.2.1) lib/web_console/middleware.rb:39:in `call'
  actionpack (4.2.3) lib/action_dispatch/middleware/show_exceptions.rb:30:in `call'
  railties (4.2.3) lib/rails/rack/logger.rb:38:in `call_app'
  railties (4.2.3) lib/rails/rack/logger.rb:20:in `block in call'
  activesupport (4.2.3) lib/active_support/tagged_logging.rb:68:in `block in tagged'
  activesupport (4.2.3) lib/active_support/tagged_logging.rb:26:in `tagged'
  activesupport (4.2.3) lib/active_support/tagged_logging.rb:68:in `tagged'
  railties (4.2.3) lib/rails/rack/logger.rb:20:in `call'
  actionpack (4.2.3) lib/action_dispatch/middleware/request_id.rb:21:in `call'
  rack (1.6.4) lib/rack/methodoverride.rb:22:in `call'
  rack (1.6.4) lib/rack/runtime.rb:18:in `call'
  activesupport (4.2.3) lib/active_support/cache/strategy/local_cache_middleware.rb:28:in `call'
  rack (1.6.4) lib/rack/lock.rb:17:in `call'
  actionpack (4.2.3) lib/action_dispatch/middleware/static.rb:116:in `call'
  rack (1.6.4) lib/rack/sendfile.rb:113:in `call'
  railties (4.2.3) lib/rails/engine.rb:518:in `call'
  railties (4.2.3) lib/rails/application.rb:165:in `call'
  rack (1.6.4) lib/rack/lock.rb:17:in `call'
  rack (1.6.4) lib/rack/content_length.rb:15:in `call'
  rack (1.6.4) lib/rack/handler/webrick.rb:88:in `service'
  /home/viki/.rvm/rubies/ruby-2.2.1/lib/ruby/2.2.0/webrick/httpserver.rb:138:in `service'
  /home/viki/.rvm/rubies/ruby-2.2.1/lib/ruby/2.2.0/webrick/httpserver.rb:94:in `run'
  /home/viki/.rvm/rubies/ruby-2.2.1/lib/ruby/2.2.0/webrick/server.rb:294:in `block in start_thread'


  Rendered /home/viki/.rvm/gems/ruby-2.2.1/gems/actionpack-4.2.3/lib/action_dispatch/middleware/templates/rescues/_trace.html.erb (2.0ms)
  Rendered /home/viki/.rvm/gems/ruby-2.2.1/gems/actionpack-4.2.3/lib/action_dispatch/middleware/templates/routes/_route.html.erb (2.5ms)
  Rendered /home/viki/.rvm/gems/ruby-2.2.1/gems/actionpack-4.2.3/lib/action_dispatch/middleware/templates/routes/_table.html.erb (7.8ms)
  Rendered /home/viki/.rvm/gems/ruby-2.2.1/gems/actionpack-4.2.3/lib/action_dispatch/middleware/templates/rescues/_request_and_response.html.erb (2.3ms)
  Rendered /home/viki/.rvm/gems/ruby-2.2.1/gems/actionpack-4.2.3/lib/action_dispatch/middleware/templates/rescues/routing_error.html.erb within rescues/layout (70.1ms)
  Rendered /home/viki/.rvm/gems/ruby-2.2.1/gems/web-console-2.2.1/lib/web_console/templates/_markup.html.erb (3.8ms)
  Rendered /home/viki/.rvm/gems/ruby-2.2.1/gems/web-console-2.2.1/lib/web_console/templates/_inner_console_markup.html.erb within layouts/inlined_string (1.3ms)
  Rendered /home/viki/.rvm/gems/ruby-2.2.1/gems/web-console-2.2.1/lib/web_console/templates/_prompt_box_markup.html.erb within layouts/inlined_string (0.9ms)
  Rendered /home/viki/.rvm/gems/ruby-2.2.1/gems/web-console-2.2.1/lib/web_console/templates/style.css.erb within layouts/inlined_string (0.6ms)
  Rendered /home/viki/.rvm/gems/ruby-2.2.1/gems/web-console-2.2.1/lib/web_console/templates/console.js.erb within layouts/javascript (33.7ms)
  Rendered /home/viki/.rvm/gems/ruby-2.2.1/gems/web-console-2.2.1/lib/web_console/templates/main.js.erb within layouts/javascript (8.6ms)
  Rendered /home/viki/.rvm/gems/ruby-2.2.1/gems/web-console-2.2.1/lib/web_console/templates/error_page.js.erb within layouts/javascript (0.6ms)
  Rendered /home/viki/.rvm/gems/ruby-2.2.1/gems/web-console-2.2.1/lib/web_console/templates/index.html.erb (71.9ms)


Started GET "/projects" for 127.0.0.1 at 2015-08-10 03:45:06 -0500
Processing by ProjectsController#index as HTML
  [1m[35mProject Load (0.5ms)[0m  SELECT "projects".* FROM "projects"
  Rendered projects/index.html.erb within layouts/application (9.2ms)
Completed 200 OK in 102ms (Views: 97.3ms | ActiveRecord: 1.1ms)


Started GET "/projects/new" for 127.0.0.1 at 2015-08-10 03:45:11 -0500
Processing by ProjectsController#new as HTML
Completed 500 Internal Server Error in 7ms (ActiveRecord: 1.5ms)

NoMethodError (undefined method `project_categories' for #<Class:0xa5d35a4>):
  app/controllers/projects_controller.rb:19:in `new'


  Rendered /home/viki/.rvm/gems/ruby-2.2.1/gems/actionpack-4.2.3/lib/action_dispatch/middleware/templates/rescues/_source.erb (6.3ms)
  Rendered /home/viki/.rvm/gems/ruby-2.2.1/gems/actionpack-4.2.3/lib/action_dispatch/middleware/templates/rescues/_trace.html.erb (2.6ms)
  Rendered /home/viki/.rvm/gems/ruby-2.2.1/gems/actionpack-4.2.3/lib/action_dispatch/middleware/templates/rescues/_request_and_response.html.erb (3.1ms)
  Rendered /home/viki/.rvm/gems/ruby-2.2.1/gems/actionpack-4.2.3/lib/action_dispatch/middleware/templates/rescues/diagnostics.html.erb within rescues/layout (26.1ms)
  Rendered /home/viki/.rvm/gems/ruby-2.2.1/gems/web-console-2.2.1/lib/web_console/templates/_markup.html.erb (0.3ms)
  Rendered /home/viki/.rvm/gems/ruby-2.2.1/gems/web-console-2.2.1/lib/web_console/templates/_inner_console_markup.html.erb within layouts/inlined_string (6.6ms)
  Rendered /home/viki/.rvm/gems/ruby-2.2.1/gems/web-console-2.2.1/lib/web_console/templates/_prompt_box_markup.html.erb within layouts/inlined_string (4.6ms)
  Rendered /home/viki/.rvm/gems/ruby-2.2.1/gems/web-console-2.2.1/lib/web_console/templates/style.css.erb within layouts/inlined_string (0.4ms)
  Rendered /home/viki/.rvm/gems/ruby-2.2.1/gems/web-console-2.2.1/lib/web_console/templates/console.js.erb within layouts/javascript (45.6ms)
  Rendered /home/viki/.rvm/gems/ruby-2.2.1/gems/web-console-2.2.1/lib/web_console/templates/main.js.erb within layouts/javascript (5.2ms)
  Rendered /home/viki/.rvm/gems/ruby-2.2.1/gems/web-console-2.2.1/lib/web_console/templates/error_page.js.erb within layouts/javascript (0.4ms)
  Rendered /home/viki/.rvm/gems/ruby-2.2.1/gems/web-console-2.2.1/lib/web_console/templates/index.html.erb (67.8ms)


Started GET "/projects/new" for 127.0.0.1 at 2015-08-10 03:45:11 -0500
Processing by ProjectsController#new as HTML
Completed 500 Internal Server Error in 2ms (ActiveRecord: 0.0ms)

NoMethodError (undefined method `project_categories' for #<Class:0xa5d35a4>):
  app/controllers/projects_controller.rb:19:in `new'


  Rendered /home/viki/.rvm/gems/ruby-2.2.1/gems/actionpack-4.2.3/lib/action_dispatch/middleware/templates/rescues/_source.erb (2.5ms)
  Rendered /home/viki/.rvm/gems/ruby-2.2.1/gems/actionpack-4.2.3/lib/action_dispatch/middleware/templates/rescues/_trace.html.erb (3.8ms)
  Rendered /home/viki/.rvm/gems/ruby-2.2.1/gems/actionpack-4.2.3/lib/action_dispatch/middleware/templates/rescues/_request_and_response.html.erb (5.8ms)
  Rendered /home/viki/.rvm/gems/ruby-2.2.1/gems/actionpack-4.2.3/lib/action_dispatch/middleware/templates/rescues/diagnostics.html.erb within rescues/layout (31.5ms)
  Rendered /home/viki/.rvm/gems/ruby-2.2.1/gems/web-console-2.2.1/lib/web_console/templates/_markup.html.erb (0.5ms)
  Rendered /home/viki/.rvm/gems/ruby-2.2.1/gems/web-console-2.2.1/lib/web_console/templates/_inner_console_markup.html.erb within layouts/inlined_string (1.1ms)
  Rendered /home/viki/.rvm/gems/ruby-2.2.1/gems/web-console-2.2.1/lib/web_console/templates/_prompt_box_markup.html.erb within layouts/inlined_string (0.4ms)
  Rendered /home/viki/.rvm/gems/ruby-2.2.1/gems/web-console-2.2.1/lib/web_console/templates/style.css.erb within layouts/inlined_string (5.7ms)
  Rendered /home/viki/.rvm/gems/ruby-2.2.1/gems/web-console-2.2.1/lib/web_console/templates/console.js.erb within layouts/javascript (25.4ms)
  Rendered /home/viki/.rvm/gems/ruby-2.2.1/gems/web-console-2.2.1/lib/web_console/templates/main.js.erb within layouts/javascript (0.3ms)
  Rendered /home/viki/.rvm/gems/ruby-2.2.1/gems/web-console-2.2.1/lib/web_console/templates/error_page.js.erb within layouts/javascript (1.0ms)
  Rendered /home/viki/.rvm/gems/ruby-2.2.1/gems/web-console-2.2.1/lib/web_console/templates/index.html.erb (66.8ms)


Started GET "/projects" for 127.0.0.1 at 2015-08-10 03:45:39 -0500
Processing by ProjectsController#index as HTML
  [1m[36mProject Load (3.4ms)[0m  [1mSELECT "projects".* FROM "projects"[0m
  Rendered projects/index.html.erb within layouts/application (4.8ms)
Completed 200 OK in 80ms (Views: 76.0ms | ActiveRecord: 3.4ms)


Started GET "/projects/new" for 127.0.0.1 at 2015-08-10 03:45:41 -0500
Processing by ProjectsController#new as HTML
Completed 500 Internal Server Error in 1ms (ActiveRecord: 0.0ms)

NoMethodError (undefined method `project_categories' for #<Class:0xa5d35a4>):
  app/controllers/projects_controller.rb:19:in `new'


  Rendered /home/viki/.rvm/gems/ruby-2.2.1/gems/actionpack-4.2.3/lib/action_dispatch/middleware/templates/rescues/_source.erb (6.1ms)
  Rendered /home/viki/.rvm/gems/ruby-2.2.1/gems/actionpack-4.2.3/lib/action_dispatch/middleware/templates/rescues/_trace.html.erb (4.5ms)
  Rendered /home/viki/.rvm/gems/ruby-2.2.1/gems/actionpack-4.2.3/lib/action_dispatch/middleware/templates/rescues/_request_and_response.html.erb (1.1ms)
  Rendered /home/viki/.rvm/gems/ruby-2.2.1/gems/actionpack-4.2.3/lib/action_dispatch/middleware/templates/rescues/diagnostics.html.erb within rescues/layout (31.1ms)
  Rendered /home/viki/.rvm/gems/ruby-2.2.1/gems/web-console-2.2.1/lib/web_console/templates/_markup.html.erb (0.5ms)
  Rendered /home/viki/.rvm/gems/ruby-2.2.1/gems/web-console-2.2.1/lib/web_console/templates/_inner_console_markup.html.erb within layouts/inlined_string (0.2ms)
  Rendered /home/viki/.rvm/gems/ruby-2.2.1/gems/web-console-2.2.1/lib/web_console/templates/_prompt_box_markup.html.erb within layouts/inlined_string (0.9ms)
  Rendered /home/viki/.rvm/gems/ruby-2.2.1/gems/web-console-2.2.1/lib/web_console/templates/style.css.erb within layouts/inlined_string (0.5ms)
  Rendered /home/viki/.rvm/gems/ruby-2.2.1/gems/web-console-2.2.1/lib/web_console/templates/console.js.erb within layouts/javascript (44.7ms)
  Rendered /home/viki/.rvm/gems/ruby-2.2.1/gems/web-console-2.2.1/lib/web_console/templates/main.js.erb within layouts/javascript (0.5ms)
  Rendered /home/viki/.rvm/gems/ruby-2.2.1/gems/web-console-2.2.1/lib/web_console/templates/error_page.js.erb within layouts/javascript (1.0ms)
  Rendered /home/viki/.rvm/gems/ruby-2.2.1/gems/web-console-2.2.1/lib/web_console/templates/index.html.erb (69.0ms)


Started GET "/projects/new" for 127.0.0.1 at 2015-08-10 03:45:41 -0500
Processing by ProjectsController#new as HTML
Completed 500 Internal Server Error in 2ms (ActiveRecord: 0.0ms)

NoMethodError (undefined method `project_categories' for #<Class:0xa5d35a4>):
  app/controllers/projects_controller.rb:19:in `new'


  Rendered /home/viki/.rvm/gems/ruby-2.2.1/gems/actionpack-4.2.3/lib/action_dispatch/middleware/templates/rescues/_source.erb (8.0ms)
  Rendered /home/viki/.rvm/gems/ruby-2.2.1/gems/actionpack-4.2.3/lib/action_dispatch/middleware/templates/rescues/_trace.html.erb (2.9ms)
  Rendered /home/viki/.rvm/gems/ruby-2.2.1/gems/actionpack-4.2.3/lib/action_dispatch/middleware/templates/rescues/_request_and_response.html.erb (3.0ms)
  Rendered /home/viki/.rvm/gems/ruby-2.2.1/gems/actionpack-4.2.3/lib/action_dispatch/middleware/templates/rescues/diagnostics.html.erb within rescues/layout (27.3ms)
  Rendered /home/viki/.rvm/gems/ruby-2.2.1/gems/web-console-2.2.1/lib/web_console/templates/_markup.html.erb (0.5ms)
  Rendered /home/viki/.rvm/gems/ruby-2.2.1/gems/web-console-2.2.1/lib/web_console/templates/_inner_console_markup.html.erb within layouts/inlined_string (0.5ms)
  Rendered /home/viki/.rvm/gems/ruby-2.2.1/gems/web-console-2.2.1/lib/web_console/templates/_prompt_box_markup.html.erb within layouts/inlined_string (9.6ms)
  Rendered /home/viki/.rvm/gems/ruby-2.2.1/gems/web-console-2.2.1/lib/web_console/templates/style.css.erb within layouts/inlined_string (0.5ms)
  Rendered /home/viki/.rvm/gems/ruby-2.2.1/gems/web-console-2.2.1/lib/web_console/templates/console.js.erb within layouts/javascript (47.1ms)
  Rendered /home/viki/.rvm/gems/ruby-2.2.1/gems/web-console-2.2.1/lib/web_console/templates/main.js.erb within layouts/javascript (2.4ms)
  Rendered /home/viki/.rvm/gems/ruby-2.2.1/gems/web-console-2.2.1/lib/web_console/templates/error_page.js.erb within layouts/javascript (1.0ms)
  Rendered /home/viki/.rvm/gems/ruby-2.2.1/gems/web-console-2.2.1/lib/web_console/templates/index.html.erb (116.4ms)


Started GET "/projects" for 127.0.0.1 at 2015-08-10 04:00:01 -0500
Processing by ProjectsController#index as HTML
  [1m[35mProject Load (4.6ms)[0m  SELECT "projects".* FROM "projects"
  Rendered projects/index.html.erb within layouts/application (7.4ms)
Completed 200 OK in 84ms (Views: 66.8ms | ActiveRecord: 5.7ms)


Started GET "/projects/new" for 127.0.0.1 at 2015-08-10 04:00:03 -0500
Processing by ProjectsController#new as HTML
Completed 500 Internal Server Error in 9ms (ActiveRecord: 1.6ms)

NoMethodError (undefined method `project_categories' for #<Class:0xc4836fc>):
  app/controllers/projects_controller.rb:19:in `new'


  Rendered /home/viki/.rvm/gems/ruby-2.2.1/gems/actionpack-4.2.3/lib/action_dispatch/middleware/templates/rescues/_source.erb (4.3ms)
  Rendered /home/viki/.rvm/gems/ruby-2.2.1/gems/actionpack-4.2.3/lib/action_dispatch/middleware/templates/rescues/_trace.html.erb (3.3ms)
  Rendered /home/viki/.rvm/gems/ruby-2.2.1/gems/actionpack-4.2.3/lib/action_dispatch/middleware/templates/rescues/_request_and_response.html.erb (1.1ms)
  Rendered /home/viki/.rvm/gems/ruby-2.2.1/gems/actionpack-4.2.3/lib/action_dispatch/middleware/templates/rescues/diagnostics.html.erb within rescues/layout (28.5ms)
  Rendered /home/viki/.rvm/gems/ruby-2.2.1/gems/web-console-2.2.1/lib/web_console/templates/_markup.html.erb (0.6ms)
  Rendered /home/viki/.rvm/gems/ruby-2.2.1/gems/web-console-2.2.1/lib/web_console/templates/_inner_console_markup.html.erb within layouts/inlined_string (0.6ms)
  Rendered /home/viki/.rvm/gems/ruby-2.2.1/gems/web-console-2.2.1/lib/web_console/templates/_prompt_box_markup.html.erb within layouts/inlined_string (0.4ms)
  Rendered /home/viki/.rvm/gems/ruby-2.2.1/gems/web-console-2.2.1/lib/web_console/templates/style.css.erb within layouts/inlined_string (1.4ms)
  Rendered /home/viki/.rvm/gems/ruby-2.2.1/gems/web-console-2.2.1/lib/web_console/templates/console.js.erb within layouts/javascript (25.4ms)
  Rendered /home/viki/.rvm/gems/ruby-2.2.1/gems/web-console-2.2.1/lib/web_console/templates/main.js.erb within layouts/javascript (0.5ms)
  Rendered /home/viki/.rvm/gems/ruby-2.2.1/gems/web-console-2.2.1/lib/web_console/templates/error_page.js.erb within layouts/javascript (7.2ms)
  Rendered /home/viki/.rvm/gems/ruby-2.2.1/gems/web-console-2.2.1/lib/web_console/templates/index.html.erb (69.2ms)


Started GET "/projects/new" for 127.0.0.1 at 2015-08-10 04:00:03 -0500
Processing by ProjectsController#new as HTML
Completed 500 Internal Server Error in 1ms (ActiveRecord: 0.0ms)

NoMethodError (undefined method `project_categories' for #<Class:0xc4836fc>):
  app/controllers/projects_controller.rb:19:in `new'


  Rendered /home/viki/.rvm/gems/ruby-2.2.1/gems/actionpack-4.2.3/lib/action_dispatch/middleware/templates/rescues/_source.erb (5.6ms)
  Rendered /home/viki/.rvm/gems/ruby-2.2.1/gems/actionpack-4.2.3/lib/action_dispatch/middleware/templates/rescues/_trace.html.erb (2.8ms)
  Rendered /home/viki/.rvm/gems/ruby-2.2.1/gems/actionpack-4.2.3/lib/action_dispatch/middleware/templates/rescues/_request_and_response.html.erb (3.8ms)
  Rendered /home/viki/.rvm/gems/ruby-2.2.1/gems/actionpack-4.2.3/lib/action_dispatch/middleware/templates/rescues/diagnostics.html.erb within rescues/layout (27.2ms)
  Rendered /home/viki/.rvm/gems/ruby-2.2.1/gems/web-console-2.2.1/lib/web_console/templates/_markup.html.erb (0.5ms)
  Rendered /home/viki/.rvm/gems/ruby-2.2.1/gems/web-console-2.2.1/lib/web_console/templates/_inner_console_markup.html.erb within layouts/inlined_string (6.7ms)
  Rendered /home/viki/.rvm/gems/ruby-2.2.1/gems/web-console-2.2.1/lib/web_console/templates/_prompt_box_markup.html.erb within layouts/inlined_string (0.8ms)
  Rendered /home/viki/.rvm/gems/ruby-2.2.1/gems/web-console-2.2.1/lib/web_console/templates/style.css.erb within layouts/inlined_string (6.1ms)
  Rendered /home/viki/.rvm/gems/ruby-2.2.1/gems/web-console-2.2.1/lib/web_console/templates/console.js.erb within layouts/javascript (34.6ms)
  Rendered /home/viki/.rvm/gems/ruby-2.2.1/gems/web-console-2.2.1/lib/web_console/templates/main.js.erb within layouts/javascript (0.4ms)
  Rendered /home/viki/.rvm/gems/ruby-2.2.1/gems/web-console-2.2.1/lib/web_console/templates/error_page.js.erb within layouts/javascript (0.5ms)
  Rendered /home/viki/.rvm/gems/ruby-2.2.1/gems/web-console-2.2.1/lib/web_console/templates/index.html.erb (66.5ms)


Started GET "/projects/new" for 127.0.0.1 at 2015-08-10 04:00:32 -0500
  [1m[36mActiveRecord::SchemaMigration Load (0.5ms)[0m  [1mSELECT "schema_migrations".* FROM "schema_migrations"[0m
Processing by ProjectsController#new as HTML
Completed 500 Internal Server Error in 37ms (ActiveRecord: 2.5ms)

NoMethodError (undefined method `project_categories' for #<Class:0xb57cebc8>):
  app/controllers/projects_controller.rb:19:in `new'


  Rendered /home/viki/.rvm/gems/ruby-2.2.1/gems/actionpack-4.2.3/lib/action_dispatch/middleware/templates/rescues/_source.erb (5.7ms)
  Rendered /home/viki/.rvm/gems/ruby-2.2.1/gems/actionpack-4.2.3/lib/action_dispatch/middleware/templates/rescues/_trace.html.erb (2.5ms)
  Rendered /home/viki/.rvm/gems/ruby-2.2.1/gems/actionpack-4.2.3/lib/action_dispatch/middleware/templates/rescues/_request_and_response.html.erb (1.2ms)
  Rendered /home/viki/.rvm/gems/ruby-2.2.1/gems/actionpack-4.2.3/lib/action_dispatch/middleware/templates/rescues/diagnostics.html.erb within rescues/layout (27.6ms)
  Rendered /home/viki/.rvm/gems/ruby-2.2.1/gems/web-console-2.2.1/lib/web_console/templates/_markup.html.erb (8.5ms)
  Rendered /home/viki/.rvm/gems/ruby-2.2.1/gems/web-console-2.2.1/lib/web_console/templates/_inner_console_markup.html.erb within layouts/inlined_string (0.4ms)
  Rendered /home/viki/.rvm/gems/ruby-2.2.1/gems/web-console-2.2.1/lib/web_console/templates/_prompt_box_markup.html.erb within layouts/inlined_string (2.8ms)
  Rendered /home/viki/.rvm/gems/ruby-2.2.1/gems/web-console-2.2.1/lib/web_console/templates/style.css.erb within layouts/inlined_string (1.6ms)
  Rendered /home/viki/.rvm/gems/ruby-2.2.1/gems/web-console-2.2.1/lib/web_console/templates/console.js.erb within layouts/javascript (24.2ms)
  Rendered /home/viki/.rvm/gems/ruby-2.2.1/gems/web-console-2.2.1/lib/web_console/templates/main.js.erb within layouts/javascript (0.6ms)
  Rendered /home/viki/.rvm/gems/ruby-2.2.1/gems/web-console-2.2.1/lib/web_console/templates/error_page.js.erb within layouts/javascript (0.5ms)
  Rendered /home/viki/.rvm/gems/ruby-2.2.1/gems/web-console-2.2.1/lib/web_console/templates/index.html.erb (68.0ms)


Started GET "/projects" for 127.0.0.1 at 2015-08-10 04:00:39 -0500
Processing by ProjectsController#index as HTML
  [1m[35mProject Load (1.9ms)[0m  SELECT "projects".* FROM "projects"
  Rendered projects/index.html.erb within layouts/application (11.1ms)
Completed 200 OK in 165ms (Views: 161.6ms | ActiveRecord: 1.9ms)


Started GET "/projects/new" for 127.0.0.1 at 2015-08-10 04:00:47 -0500
Processing by ProjectsController#new as HTML
Completed 500 Internal Server Error in 2ms (ActiveRecord: 0.0ms)

NoMethodError (undefined method `project_categories' for #<Class:0xb57cebc8>):
  app/controllers/projects_controller.rb:19:in `new'


  Rendered /home/viki/.rvm/gems/ruby-2.2.1/gems/actionpack-4.2.3/lib/action_dispatch/middleware/templates/rescues/_source.erb (4.8ms)
  Rendered /home/viki/.rvm/gems/ruby-2.2.1/gems/actionpack-4.2.3/lib/action_dispatch/middleware/templates/rescues/_trace.html.erb (4.4ms)
  Rendered /home/viki/.rvm/gems/ruby-2.2.1/gems/actionpack-4.2.3/lib/action_dispatch/middleware/templates/rescues/_request_and_response.html.erb (3.8ms)
  Rendered /home/viki/.rvm/gems/ruby-2.2.1/gems/actionpack-4.2.3/lib/action_dispatch/middleware/templates/rescues/diagnostics.html.erb within rescues/layout (22.3ms)
  Rendered /home/viki/.rvm/gems/ruby-2.2.1/gems/web-console-2.2.1/lib/web_console/templates/_markup.html.erb (1.2ms)
  Rendered /home/viki/.rvm/gems/ruby-2.2.1/gems/web-console-2.2.1/lib/web_console/templates/_inner_console_markup.html.erb within layouts/inlined_string (1.1ms)
  Rendered /home/viki/.rvm/gems/ruby-2.2.1/gems/web-console-2.2.1/lib/web_console/templates/_prompt_box_markup.html.erb within layouts/inlined_string (0.4ms)
  Rendered /home/viki/.rvm/gems/ruby-2.2.1/gems/web-console-2.2.1/lib/web_console/templates/style.css.erb within layouts/inlined_string (0.4ms)
  Rendered /home/viki/.rvm/gems/ruby-2.2.1/gems/web-console-2.2.1/lib/web_console/templates/console.js.erb within layouts/javascript (31.7ms)
  Rendered /home/viki/.rvm/gems/ruby-2.2.1/gems/web-console-2.2.1/lib/web_console/templates/main.js.erb within layouts/javascript (0.3ms)
  Rendered /home/viki/.rvm/gems/ruby-2.2.1/gems/web-console-2.2.1/lib/web_console/templates/error_page.js.erb within layouts/javascript (4.6ms)
  Rendered /home/viki/.rvm/gems/ruby-2.2.1/gems/web-console-2.2.1/lib/web_console/templates/index.html.erb (66.4ms)


Started GET "/projects/new" for 127.0.0.1 at 2015-08-10 04:00:48 -0500
Processing by ProjectsController#new as HTML
Completed 500 Internal Server Error in 2ms (ActiveRecord: 0.0ms)

NoMethodError (undefined method `project_categories' for #<Class:0xb57cebc8>):
  app/controllers/projects_controller.rb:19:in `new'


  Rendered /home/viki/.rvm/gems/ruby-2.2.1/gems/actionpack-4.2.3/lib/action_dispatch/middleware/templates/rescues/_source.erb (2.7ms)
  Rendered /home/viki/.rvm/gems/ruby-2.2.1/gems/actionpack-4.2.3/lib/action_dispatch/middleware/templates/rescues/_trace.html.erb (2.7ms)
  Rendered /home/viki/.rvm/gems/ruby-2.2.1/gems/actionpack-4.2.3/lib/action_dispatch/middleware/templates/rescues/_request_and_response.html.erb (2.7ms)
  Rendered /home/viki/.rvm/gems/ruby-2.2.1/gems/actionpack-4.2.3/lib/action_dispatch/middleware/templates/rescues/diagnostics.html.erb within rescues/layout (31.1ms)
  Rendered /home/viki/.rvm/gems/ruby-2.2.1/gems/web-console-2.2.1/lib/web_console/templates/_markup.html.erb (9.7ms)
  Rendered /home/viki/.rvm/gems/ruby-2.2.1/gems/web-console-2.2.1/lib/web_console/templates/_inner_console_markup.html.erb within layouts/inlined_string (0.4ms)
  Rendered /home/viki/.rvm/gems/ruby-2.2.1/gems/web-console-2.2.1/lib/web_console/templates/_prompt_box_markup.html.erb within layouts/inlined_string (0.3ms)
  Rendered /home/viki/.rvm/gems/ruby-2.2.1/gems/web-console-2.2.1/lib/web_console/templates/style.css.erb within layouts/inlined_string (0.4ms)
  Rendered /home/viki/.rvm/gems/ruby-2.2.1/gems/web-console-2.2.1/lib/web_console/templates/console.js.erb within layouts/javascript (36.0ms)
  Rendered /home/viki/.rvm/gems/ruby-2.2.1/gems/web-console-2.2.1/lib/web_console/templates/main.js.erb within layouts/javascript (3.0ms)
  Rendered /home/viki/.rvm/gems/ruby-2.2.1/gems/web-console-2.2.1/lib/web_console/templates/error_page.js.erb within layouts/javascript (5.3ms)
  Rendered /home/viki/.rvm/gems/ruby-2.2.1/gems/web-console-2.2.1/lib/web_console/templates/index.html.erb (76.9ms)
  [1m[36m (0.2ms)[0m  [1mBEGIN[0m
  [1m[35mSQL (0.8ms)[0m  INSERT INTO "projects" ("title", "created_at", "updated_at") VALUES ($1, $2, $3) RETURNING "id"  [["title", "project1"], ["created_at", "2015-08-10 09:03:42.483450"], ["updated_at", "2015-08-10 09:03:42.483450"]]
  [1m[36m (2.8ms)[0m  [1mCOMMIT[0m


Started GET "/" for 127.0.0.1 at 2015-08-10 04:15:53 -0500
  [1m[36mActiveRecord::SchemaMigration Load (0.6ms)[0m  [1mSELECT "schema_migrations".* FROM "schema_migrations"[0m
Processing by ProjectsController#index as HTML
  [1m[35mProject Load (0.9ms)[0m  SELECT "projects".* FROM "projects"
  Rendered projects/index.html.erb within layouts/application (13.2ms)
Completed 200 OK in 651ms (Views: 611.9ms | ActiveRecord: 3.2ms)


Started GET "/assets/projects.self-bc2fde566dcaa97922431f0eee28a9b87fc04a96b2b133660ec20b3f2e213a64.js?body=1" for 127.0.0.1 at 2015-08-10 04:15:54 -0500


Started GET "/projects/1" for 127.0.0.1 at 2015-08-10 04:16:00 -0500
Processing by ProjectsController#show as HTML
  Parameters: {"id"=>"1"}
  [1m[36mProject Load (0.4ms)[0m  [1mSELECT  "projects".* FROM "projects" WHERE "projects"."id" = $1 LIMIT 1[0m  [["id", 1]]
  [1m[35mCACHE (0.0ms)[0m  SELECT  "projects".* FROM "projects" WHERE "projects"."id" = $1 LIMIT 1  [["id", "1"]]
  Rendered projects/show.html.erb within layouts/application (1.2ms)
Completed 200 OK in 70ms (Views: 58.2ms | ActiveRecord: 1.5ms)


Started GET "/projects" for 127.0.0.1 at 2015-08-10 04:16:03 -0500
Processing by ProjectsController#index as HTML
  [1m[36mProject Load (0.3ms)[0m  [1mSELECT "projects".* FROM "projects"[0m
  Rendered projects/index.html.erb within layouts/application (3.0ms)
Completed 200 OK in 80ms (Views: 78.3ms | ActiveRecord: 0.3ms)


Started GET "/projects/new" for 127.0.0.1 at 2015-08-10 04:16:08 -0500
Processing by ProjectsController#new as HTML
Completed 500 Internal Server Error in 2ms (ActiveRecord: 0.0ms)

NoMethodError (undefined method `project_categories' for #<Class:0xb5811360>):
  app/controllers/projects_controller.rb:19:in `new'


  Rendered /home/viki/.rvm/gems/ruby-2.2.1/gems/actionpack-4.2.3/lib/action_dispatch/middleware/templates/rescues/_source.erb (10.4ms)
  Rendered /home/viki/.rvm/gems/ruby-2.2.1/gems/actionpack-4.2.3/lib/action_dispatch/middleware/templates/rescues/_trace.html.erb (2.3ms)
  Rendered /home/viki/.rvm/gems/ruby-2.2.1/gems/actionpack-4.2.3/lib/action_dispatch/middleware/templates/rescues/_request_and_response.html.erb (1.4ms)
  Rendered /home/viki/.rvm/gems/ruby-2.2.1/gems/actionpack-4.2.3/lib/action_dispatch/middleware/templates/rescues/diagnostics.html.erb within rescues/layout (33.4ms)
  Rendered /home/viki/.rvm/gems/ruby-2.2.1/gems/web-console-2.2.1/lib/web_console/templates/_markup.html.erb (6.5ms)
  Rendered /home/viki/.rvm/gems/ruby-2.2.1/gems/web-console-2.2.1/lib/web_console/templates/_inner_console_markup.html.erb within layouts/inlined_string (3.2ms)
  Rendered /home/viki/.rvm/gems/ruby-2.2.1/gems/web-console-2.2.1/lib/web_console/templates/_prompt_box_markup.html.erb within layouts/inlined_string (0.3ms)
  Rendered /home/viki/.rvm/gems/ruby-2.2.1/gems/web-console-2.2.1/lib/web_console/templates/style.css.erb within layouts/inlined_string (0.9ms)
  Rendered /home/viki/.rvm/gems/ruby-2.2.1/gems/web-console-2.2.1/lib/web_console/templates/console.js.erb within layouts/javascript (29.7ms)
  Rendered /home/viki/.rvm/gems/ruby-2.2.1/gems/web-console-2.2.1/lib/web_console/templates/main.js.erb within layouts/javascript (0.4ms)
  Rendered /home/viki/.rvm/gems/ruby-2.2.1/gems/web-console-2.2.1/lib/web_console/templates/error_page.js.erb within layouts/javascript (0.6ms)
  Rendered /home/viki/.rvm/gems/ruby-2.2.1/gems/web-console-2.2.1/lib/web_console/templates/index.html.erb (68.6ms)


Started GET "/projects/new" for 127.0.0.1 at 2015-08-10 04:16:08 -0500
Processing by ProjectsController#new as HTML
Completed 500 Internal Server Error in 1ms (ActiveRecord: 0.0ms)

NoMethodError (undefined method `project_categories' for #<Class:0xb5811360>):
  app/controllers/projects_controller.rb:19:in `new'


  Rendered /home/viki/.rvm/gems/ruby-2.2.1/gems/actionpack-4.2.3/lib/action_dispatch/middleware/templates/rescues/_source.erb (5.3ms)
  Rendered /home/viki/.rvm/gems/ruby-2.2.1/gems/actionpack-4.2.3/lib/action_dispatch/middleware/templates/rescues/_trace.html.erb (2.9ms)
  Rendered /home/viki/.rvm/gems/ruby-2.2.1/gems/actionpack-4.2.3/lib/action_dispatch/middleware/templates/rescues/_request_and_response.html.erb (3.2ms)
  Rendered /home/viki/.rvm/gems/ruby-2.2.1/gems/actionpack-4.2.3/lib/action_dispatch/middleware/templates/rescues/diagnostics.html.erb within rescues/layout (24.3ms)
  Rendered /home/viki/.rvm/gems/ruby-2.2.1/gems/web-console-2.2.1/lib/web_console/templates/_markup.html.erb (0.4ms)
  Rendered /home/viki/.rvm/gems/ruby-2.2.1/gems/web-console-2.2.1/lib/web_console/templates/_inner_console_markup.html.erb within layouts/inlined_string (3.7ms)
  Rendered /home/viki/.rvm/gems/ruby-2.2.1/gems/web-console-2.2.1/lib/web_console/templates/_prompt_box_markup.html.erb within layouts/inlined_string (0.5ms)
  Rendered /home/viki/.rvm/gems/ruby-2.2.1/gems/web-console-2.2.1/lib/web_console/templates/style.css.erb within layouts/inlined_string (0.6ms)
  Rendered /home/viki/.rvm/gems/ruby-2.2.1/gems/web-console-2.2.1/lib/web_console/templates/console.js.erb within layouts/javascript (20.2ms)
  Rendered /home/viki/.rvm/gems/ruby-2.2.1/gems/web-console-2.2.1/lib/web_console/templates/main.js.erb within layouts/javascript (6.1ms)
  Rendered /home/viki/.rvm/gems/ruby-2.2.1/gems/web-console-2.2.1/lib/web_console/templates/error_page.js.erb within layouts/javascript (0.5ms)
  Rendered /home/viki/.rvm/gems/ruby-2.2.1/gems/web-console-2.2.1/lib/web_console/templates/index.html.erb (67.4ms)


Started GET "/projects/new" for 127.0.0.1 at 2015-08-10 04:17:40 -0500
Processing by ProjectsController#new as HTML
  Rendered projects/_categories_fields.html.erb (131.5ms)
  Rendered projects/_form.html.erb (160.8ms)
  Rendered projects/new.html.erb within layouts/application (162.7ms)
Completed 500 Internal Server Error in 206ms (ActiveRecord: 18.8ms)

ActionView::Template::Error (undefined method `answers' for #<ProjectCategory:0xb557dc34>):
     9:   <%= f.fields_for :tasks do |tasks_form| %>
    10:     <%= render 'tasks_fields', f: tasks_form %>
    11:   <% end %>
    12:   <%= link_to_add_fields "Add answer", f, :answers %>
    13: </fieldset>
  app/helpers/projects_helper.rb:3:in `link_to_add_fields'
  app/views/projects/_categories_fields.html.erb:12:in `_app_views_projects__categories_fields_html_erb___208523478_98011530'
  app/views/projects/_form.html.erb:55:in `block (2 levels) in _app_views_projects__form_html_erb___662380100__624480508'
  app/views/projects/_form.html.erb:54:in `block in _app_views_projects__form_html_erb___662380100__624480508'
  app/views/projects/_form.html.erb:1:in `_app_views_projects__form_html_erb___662380100__624480508'
  app/views/projects/new.html.erb:3:in `_app_views_projects_new_html_erb___207298329__624444528'


  Rendered /home/viki/.rvm/gems/ruby-2.2.1/gems/actionpack-4.2.3/lib/action_dispatch/middleware/templates/rescues/_source.erb (5.5ms)
  Rendered /home/viki/.rvm/gems/ruby-2.2.1/gems/actionpack-4.2.3/lib/action_dispatch/middleware/templates/rescues/_trace.html.erb (5.0ms)
  Rendered /home/viki/.rvm/gems/ruby-2.2.1/gems/actionpack-4.2.3/lib/action_dispatch/middleware/templates/rescues/_request_and_response.html.erb (1.1ms)
  Rendered /home/viki/.rvm/gems/ruby-2.2.1/gems/actionpack-4.2.3/lib/action_dispatch/middleware/templates/rescues/template_error.html.erb within rescues/layout (29.0ms)
  Rendered /home/viki/.rvm/gems/ruby-2.2.1/gems/web-console-2.2.1/lib/web_console/templates/_markup.html.erb (0.5ms)
  Rendered /home/viki/.rvm/gems/ruby-2.2.1/gems/web-console-2.2.1/lib/web_console/templates/_inner_console_markup.html.erb within layouts/inlined_string (1.4ms)
  Rendered /home/viki/.rvm/gems/ruby-2.2.1/gems/web-console-2.2.1/lib/web_console/templates/_prompt_box_markup.html.erb within layouts/inlined_string (5.4ms)
  Rendered /home/viki/.rvm/gems/ruby-2.2.1/gems/web-console-2.2.1/lib/web_console/templates/style.css.erb within layouts/inlined_string (0.5ms)
  Rendered /home/viki/.rvm/gems/ruby-2.2.1/gems/web-console-2.2.1/lib/web_console/templates/console.js.erb within layouts/javascript (38.1ms)
  Rendered /home/viki/.rvm/gems/ruby-2.2.1/gems/web-console-2.2.1/lib/web_console/templates/main.js.erb within layouts/javascript (0.4ms)
  Rendered /home/viki/.rvm/gems/ruby-2.2.1/gems/web-console-2.2.1/lib/web_console/templates/error_page.js.erb within layouts/javascript (7.7ms)
  Rendered /home/viki/.rvm/gems/ruby-2.2.1/gems/web-console-2.2.1/lib/web_console/templates/index.html.erb (75.1ms)


Started GET "/projects/new" for 127.0.0.1 at 2015-08-10 04:22:25 -0500
Processing by ProjectsController#new as HTML
  Rendered projects/_categories_fields.html.erb (16.7ms)
  Rendered projects/_form.html.erb (46.3ms)
  Rendered projects/new.html.erb within layouts/application (47.2ms)
Completed 500 Internal Server Error in 50ms (ActiveRecord: 0.0ms)

ActionView::Template::Error (Missing partial projects/_task_fields, application/_task_fields with {:locale=>[:en], :formats=>[:html], :variants=>[], :handlers=>[:erb, :builder, :raw, :ruby, :coffee, :jbuilder]}. Searched in:
  * "/home/viki/app/caston4.2/app/views"
):
     9:   <%= f.fields_for :tasks do |tasks_form| %>
    10:     <%= render 'tasks_fields', f: tasks_form %>
    11:   <% end %>
    12:   <%= link_to_add_fields "Add tasks", f, :tasks %>
    13: </fieldset>
  app/helpers/projects_helper.rb:6:in `block in link_to_add_fields'
  app/helpers/projects_helper.rb:5:in `link_to_add_fields'
  app/views/projects/_categories_fields.html.erb:12:in `_app_views_projects__categories_fields_html_erb___208523478__636992188'
  app/views/projects/_form.html.erb:55:in `block (2 levels) in _app_views_projects__form_html_erb___662380100__624480508'
  app/views/projects/_form.html.erb:54:in `block in _app_views_projects__form_html_erb___662380100__624480508'
  app/views/projects/_form.html.erb:1:in `_app_views_projects__form_html_erb___662380100__624480508'
  app/views/projects/new.html.erb:3:in `_app_views_projects_new_html_erb___207298329__624444528'


  Rendered /home/viki/.rvm/gems/ruby-2.2.1/gems/actionpack-4.2.3/lib/action_dispatch/middleware/templates/rescues/_source.erb (10.2ms)
  Rendered /home/viki/.rvm/gems/ruby-2.2.1/gems/actionpack-4.2.3/lib/action_dispatch/middleware/templates/rescues/_trace.html.erb (4.4ms)
  Rendered /home/viki/.rvm/gems/ruby-2.2.1/gems/actionpack-4.2.3/lib/action_dispatch/middleware/templates/rescues/_request_and_response.html.erb (1.7ms)
  Rendered /home/viki/.rvm/gems/ruby-2.2.1/gems/actionpack-4.2.3/lib/action_dispatch/middleware/templates/rescues/template_error.html.erb within rescues/layout (35.1ms)
  Rendered /home/viki/.rvm/gems/ruby-2.2.1/gems/web-console-2.2.1/lib/web_console/templates/_markup.html.erb (0.5ms)
  Rendered /home/viki/.rvm/gems/ruby-2.2.1/gems/web-console-2.2.1/lib/web_console/templates/_inner_console_markup.html.erb within layouts/inlined_string (0.5ms)
  Rendered /home/viki/.rvm/gems/ruby-2.2.1/gems/web-console-2.2.1/lib/web_console/templates/_prompt_box_markup.html.erb within layouts/inlined_string (0.5ms)
  Rendered /home/viki/.rvm/gems/ruby-2.2.1/gems/web-console-2.2.1/lib/web_console/templates/style.css.erb within layouts/inlined_string (4.2ms)
  Rendered /home/viki/.rvm/gems/ruby-2.2.1/gems/web-console-2.2.1/lib/web_console/templates/console.js.erb within layouts/javascript (42.3ms)
  Rendered /home/viki/.rvm/gems/ruby-2.2.1/gems/web-console-2.2.1/lib/web_console/templates/main.js.erb within layouts/javascript (7.6ms)
  Rendered /home/viki/.rvm/gems/ruby-2.2.1/gems/web-console-2.2.1/lib/web_console/templates/error_page.js.erb within layouts/javascript (0.6ms)
  Rendered /home/viki/.rvm/gems/ruby-2.2.1/gems/web-console-2.2.1/lib/web_console/templates/index.html.erb (92.5ms)


Started GET "/projects/new" for 127.0.0.1 at 2015-08-10 04:25:17 -0500
Processing by ProjectsController#new as HTML
  Rendered projects/_task_fields.html.erb (5.0ms)
  Rendered projects/_categories_fields.html.erb (10.8ms)
  Rendered projects/_form.html.erb (40.8ms)
  Rendered projects/new.html.erb within layouts/application (42.2ms)
Completed 500 Internal Server Error in 45ms (ActiveRecord: 0.0ms)

ActionView::Template::Error (undefined method `questions' for #<Project:0xb5866338>):
    54:    <%= f.fields_for :project_categories do |cats_for_form| %>
    55:     <%= render 'categories_fields', f: cats_for_form %>
    56:   <% end %>
    57:   <%= link_to_add_fields "Add Question", f, :questions %>
    58:   <div class="actions">
    59:     <%= f.submit %>
    60:   </div>
  app/helpers/projects_helper.rb:3:in `link_to_add_fields'
  app/views/projects/_form.html.erb:57:in `block in _app_views_projects__form_html_erb___662380100__624480508'
  app/views/projects/_form.html.erb:1:in `_app_views_projects__form_html_erb___662380100__624480508'
  app/views/projects/new.html.erb:3:in `_app_views_projects_new_html_erb___207298329__624444528'


  Rendered /home/viki/.rvm/gems/ruby-2.2.1/gems/actionpack-4.2.3/lib/action_dispatch/middleware/templates/rescues/_source.erb (11.6ms)
  Rendered /home/viki/.rvm/gems/ruby-2.2.1/gems/actionpack-4.2.3/lib/action_dispatch/middleware/templates/rescues/_trace.html.erb (3.5ms)
  Rendered /home/viki/.rvm/gems/ruby-2.2.1/gems/actionpack-4.2.3/lib/action_dispatch/middleware/templates/rescues/_request_and_response.html.erb (3.4ms)
  Rendered /home/viki/.rvm/gems/ruby-2.2.1/gems/actionpack-4.2.3/lib/action_dispatch/middleware/templates/rescues/template_error.html.erb within rescues/layout (30.0ms)
  Rendered /home/viki/.rvm/gems/ruby-2.2.1/gems/web-console-2.2.1/lib/web_console/templates/_markup.html.erb (0.4ms)
  Rendered /home/viki/.rvm/gems/ruby-2.2.1/gems/web-console-2.2.1/lib/web_console/templates/_inner_console_markup.html.erb within layouts/inlined_string (0.4ms)
  Rendered /home/viki/.rvm/gems/ruby-2.2.1/gems/web-console-2.2.1/lib/web_console/templates/_prompt_box_markup.html.erb within layouts/inlined_string (0.4ms)
  Rendered /home/viki/.rvm/gems/ruby-2.2.1/gems/web-console-2.2.1/lib/web_console/templates/style.css.erb within layouts/inlined_string (0.3ms)
  Rendered /home/viki/.rvm/gems/ruby-2.2.1/gems/web-console-2.2.1/lib/web_console/templates/console.js.erb within layouts/javascript (29.1ms)
  Rendered /home/viki/.rvm/gems/ruby-2.2.1/gems/web-console-2.2.1/lib/web_console/templates/main.js.erb within layouts/javascript (0.4ms)
  Rendered /home/viki/.rvm/gems/ruby-2.2.1/gems/web-console-2.2.1/lib/web_console/templates/error_page.js.erb within layouts/javascript (0.5ms)
  Rendered /home/viki/.rvm/gems/ruby-2.2.1/gems/web-console-2.2.1/lib/web_console/templates/index.html.erb (56.6ms)


Started GET "/projects/new" for 127.0.0.1 at 2015-08-10 04:27:29 -0500
Processing by ProjectsController#new as HTML
  Rendered projects/_task_fields.html.erb (5.2ms)
  Rendered projects/_project_category_fields.html.erb (8.5ms)
  Rendered projects/_form.html.erb (41.5ms)
  Rendered projects/new.html.erb within layouts/application (47.2ms)
Completed 500 Internal Server Error in 54ms (ActiveRecord: 0.0ms)

ActionView::Template::Error (undefined method `questions' for #<Project:0xb55b0f94>):
    54:    <%= f.fields_for :project_categories do |cats_for_form| %>
    55:     <%= render 'project_category_fields', f: cats_for_form %>
    56:   <% end %>
    57:   <%= link_to_add_fields "Add Question", f, :questions %>
    58:   <div class="actions">
    59:     <%= f.submit %>
    60:   </div>
  app/helpers/projects_helper.rb:3:in `link_to_add_fields'
  app/views/projects/_form.html.erb:57:in `block in _app_views_projects__form_html_erb___662380100__626263558'
  app/views/projects/_form.html.erb:1:in `_app_views_projects__form_html_erb___662380100__626263558'
  app/views/projects/new.html.erb:3:in `_app_views_projects_new_html_erb___207298329__624444528'


  Rendered /home/viki/.rvm/gems/ruby-2.2.1/gems/actionpack-4.2.3/lib/action_dispatch/middleware/templates/rescues/_source.erb (7.4ms)
  Rendered /home/viki/.rvm/gems/ruby-2.2.1/gems/actionpack-4.2.3/lib/action_dispatch/middleware/templates/rescues/_trace.html.erb (6.6ms)
  Rendered /home/viki/.rvm/gems/ruby-2.2.1/gems/actionpack-4.2.3/lib/action_dispatch/middleware/templates/rescues/_request_and_response.html.erb (1.4ms)
  Rendered /home/viki/.rvm/gems/ruby-2.2.1/gems/actionpack-4.2.3/lib/action_dispatch/middleware/templates/rescues/template_error.html.erb within rescues/layout (30.3ms)
  Rendered /home/viki/.rvm/gems/ruby-2.2.1/gems/web-console-2.2.1/lib/web_console/templates/_markup.html.erb (7.0ms)
  Rendered /home/viki/.rvm/gems/ruby-2.2.1/gems/web-console-2.2.1/lib/web_console/templates/_inner_console_markup.html.erb within layouts/inlined_string (0.5ms)
  Rendered /home/viki/.rvm/gems/ruby-2.2.1/gems/web-console-2.2.1/lib/web_console/templates/_prompt_box_markup.html.erb within layouts/inlined_string (4.6ms)
  Rendered /home/viki/.rvm/gems/ruby-2.2.1/gems/web-console-2.2.1/lib/web_console/templates/style.css.erb within layouts/inlined_string (6.3ms)
  Rendered /home/viki/.rvm/gems/ruby-2.2.1/gems/web-console-2.2.1/lib/web_console/templates/console.js.erb within layouts/javascript (30.6ms)
  Rendered /home/viki/.rvm/gems/ruby-2.2.1/gems/web-console-2.2.1/lib/web_console/templates/main.js.erb within layouts/javascript (0.4ms)
  Rendered /home/viki/.rvm/gems/ruby-2.2.1/gems/web-console-2.2.1/lib/web_console/templates/error_page.js.erb within layouts/javascript (0.5ms)
  Rendered /home/viki/.rvm/gems/ruby-2.2.1/gems/web-console-2.2.1/lib/web_console/templates/index.html.erb (62.8ms)


Started GET "/projects/new" for 127.0.0.1 at 2015-08-10 04:27:30 -0500
Processing by ProjectsController#new as HTML
  Rendered projects/_task_fields.html.erb (0.5ms)
  Rendered projects/_project_category_fields.html.erb (14.6ms)
  Rendered projects/_form.html.erb (48.7ms)
  Rendered projects/new.html.erb within layouts/application (52.6ms)
Completed 500 Internal Server Error in 56ms (ActiveRecord: 0.0ms)

ActionView::Template::Error (undefined method `questions' for #<Project:0xb5380a80>):
    54:    <%= f.fields_for :project_categories do |cats_for_form| %>
    55:     <%= render 'project_category_fields', f: cats_for_form %>
    56:   <% end %>
    57:   <%= link_to_add_fields "Add Question", f, :questions %>
    58:   <div class="actions">
    59:     <%= f.submit %>
    60:   </div>
  app/helpers/projects_helper.rb:3:in `link_to_add_fields'
  app/views/projects/_form.html.erb:57:in `block in _app_views_projects__form_html_erb___662380100__626263558'
  app/views/projects/_form.html.erb:1:in `_app_views_projects__form_html_erb___662380100__626263558'
  app/views/projects/new.html.erb:3:in `_app_views_projects_new_html_erb___207298329__624444528'


  Rendered /home/viki/.rvm/gems/ruby-2.2.1/gems/actionpack-4.2.3/lib/action_dispatch/middleware/templates/rescues/_source.erb (6.0ms)
  Rendered /home/viki/.rvm/gems/ruby-2.2.1/gems/actionpack-4.2.3/lib/action_dispatch/middleware/templates/rescues/_trace.html.erb (4.6ms)
  Rendered /home/viki/.rvm/gems/ruby-2.2.1/gems/actionpack-4.2.3/lib/action_dispatch/middleware/templates/rescues/_request_and_response.html.erb (1.2ms)
  Rendered /home/viki/.rvm/gems/ruby-2.2.1/gems/actionpack-4.2.3/lib/action_dispatch/middleware/templates/rescues/template_error.html.erb within rescues/layout (29.5ms)
  Rendered /home/viki/.rvm/gems/ruby-2.2.1/gems/web-console-2.2.1/lib/web_console/templates/_markup.html.erb (0.5ms)
  Rendered /home/viki/.rvm/gems/ruby-2.2.1/gems/web-console-2.2.1/lib/web_console/templates/_inner_console_markup.html.erb within layouts/inlined_string (0.6ms)
  Rendered /home/viki/.rvm/gems/ruby-2.2.1/gems/web-console-2.2.1/lib/web_console/templates/_prompt_box_markup.html.erb within layouts/inlined_string (0.4ms)
  Rendered /home/viki/.rvm/gems/ruby-2.2.1/gems/web-console-2.2.1/lib/web_console/templates/style.css.erb within layouts/inlined_string (0.4ms)
  Rendered /home/viki/.rvm/gems/ruby-2.2.1/gems/web-console-2.2.1/lib/web_console/templates/console.js.erb within layouts/javascript (31.9ms)
  Rendered /home/viki/.rvm/gems/ruby-2.2.1/gems/web-console-2.2.1/lib/web_console/templates/main.js.erb within layouts/javascript (0.7ms)
  Rendered /home/viki/.rvm/gems/ruby-2.2.1/gems/web-console-2.2.1/lib/web_console/templates/error_page.js.erb within layouts/javascript (4.0ms)
  Rendered /home/viki/.rvm/gems/ruby-2.2.1/gems/web-console-2.2.1/lib/web_console/templates/index.html.erb (75.0ms)


Started GET "/projects/new" for 127.0.0.1 at 2015-08-10 04:28:23 -0500
Processing by ProjectsController#new as HTML
  Rendered projects/_task_fields.html.erb (7.7ms)
  Rendered projects/_project_category_fields.html.erb (10.3ms)
  Rendered projects/_task_fields.html.erb (0.5ms)
  Rendered projects/_project_category_fields.html.erb (5.1ms)
  Rendered projects/_form.html.erb (33.5ms)
  Rendered projects/new.html.erb within layouts/application (34.7ms)
Completed 200 OK in 125ms (Views: 113.3ms | ActiveRecord: 0.0ms)


Started GET "/assets/project_categories.self-e3b0c44298fc1c149afbf4c8996fb92427ae41e4649b934ca495991b7852b855.css?body=1" for 127.0.0.1 at 2015-08-10 04:28:23 -0500


Started GET "/assets/tasks.self-e3b0c44298fc1c149afbf4c8996fb92427ae41e4649b934ca495991b7852b855.css?body=1" for 127.0.0.1 at 2015-08-10 04:28:23 -0500


Started GET "/assets/scaffolds.self-8c8c0a2a103b9fea3b840cf1dd5ed8c981f6a54c7cd85e7c8776623afeb8020c.css?body=1" for 127.0.0.1 at 2015-08-10 04:28:23 -0500


Started GET "/assets/projects.self-e3b0c44298fc1c149afbf4c8996fb92427ae41e4649b934ca495991b7852b855.css?body=1" for 127.0.0.1 at 2015-08-10 04:28:23 -0500


Started GET "/assets/jquery.self-d03a5518f45df77341bdbe6201ba3bfa547ebba8ed64f0ea56bfa5f96ea7c074.js?body=1" for 127.0.0.1 at 2015-08-10 04:28:23 -0500


Started GET "/assets/application.self-e80e8f2318043e8af94dddc2adad5a4f09739a8ebb323b3ab31cd71d45fd9113.css?body=1" for 127.0.0.1 at 2015-08-10 04:28:23 -0500


Started GET "/assets/jquery_ujs.self-ca5248a2fad13d6bd58ea121318d642f195f0b2dd818b30615f785ff365e8d1f.js?body=1" for 127.0.0.1 at 2015-08-10 04:28:23 -0500


Started GET "/assets/turbolinks.self-c37727e9bd6b2735da5c311aa83fead54ed0be6cc8bd9a65309e9c5abe2cbfff.js?body=1" for 127.0.0.1 at 2015-08-10 04:28:23 -0500


Started GET "/assets/project_categories.self-877aef30ae1b040ab8a3aba4e3e309a11d7f2612f44dde450b5c157aa5f95c05.js?body=1" for 127.0.0.1 at 2015-08-10 04:28:23 -0500


Started GET "/assets/projects.self-bc2fde566dcaa97922431f0eee28a9b87fc04a96b2b133660ec20b3f2e213a64.js?body=1" for 127.0.0.1 at 2015-08-10 04:28:23 -0500


Started GET "/assets/tasks.self-877aef30ae1b040ab8a3aba4e3e309a11d7f2612f44dde450b5c157aa5f95c05.js?body=1" for 127.0.0.1 at 2015-08-10 04:28:23 -0500


Started GET "/assets/application.self-3b8dabdc891efe46b9a144b400ad69e37d7e5876bdc39dee783419a69d7ca819.js?body=1" for 127.0.0.1 at 2015-08-10 04:28:23 -0500


Started POST "/projects" for 127.0.0.1 at 2015-08-10 04:34:35 -0500
Processing by ProjectsController#create as HTML
  Parameters: {"utf8"=>"✓", "authenticity_token"=>"CDB/FDbM/ZNepZVeTaQSRTDKbtcHe/m02d+kWsdAhVIeGhb08sdyVOZcACRxhirsmgntOobgoEcyKMseZNaj7g==", "project"=>{"title"=>"JTC cleantech", "description"=>"new prj", "company"=>"JTC", "location"=>"jurrong", "supervisior"=>"lim", "date(1i)"=>"2015", "date(2i)"=>"8", "date(3i)"=>"10", "date(4i)"=>"09", "date(5i)"=>"28", "manday"=>"8", "workingweek"=>"5", "holiday"=>"2", "user_id"=>"1", "project_categories_attributes"=>{"0"=>{"description"=>"category one", "project_id"=>"1", "_destroy"=>"false", "tasks_attributes"=>{"1439199256074"=>{"description"=>"scaffold", "_destroy"=>"false"}, "1439199267004"=>{"description"=>"test", "_destroy"=>"false"}}}}}, "commit"=>"Create Project"}
Unpermitted parameters: _destroy, tasks_attributes
  [1m[35m (2.5ms)[0m  BEGIN
  [1m[36mSQL (0.4ms)[0m  [1mINSERT INTO "projects" ("title", "description", "company", "location", "supervisior", "manday", "workingweek", "holiday", "user_id", "date", "created_at", "updated_at") VALUES ($1, $2, $3, $4, $5, $6, $7, $8, $9, $10, $11, $12) RETURNING "id"[0m  [["title", "JTC cleantech"], ["description", "new prj"], ["company", "JTC"], ["location", "jurrong"], ["supervisior", "lim"], ["manday", 8], ["workingweek", 5], ["holiday", 2], ["user_id", 1], ["date", "2015-08-10 09:28:00.000000"], ["created_at", "2015-08-10 09:34:35.996443"], ["updated_at", "2015-08-10 09:34:35.996443"]]
  [1m[35mSQL (31.7ms)[0m  INSERT INTO "project_categories" ("description", "project_id", "created_at", "updated_at") VALUES ($1, $2, $3, $4) RETURNING "id"  [["description", "category one"], ["project_id", 2], ["created_at", "2015-08-10 09:34:35.999211"], ["updated_at", "2015-08-10 09:34:35.999211"]]
  [1m[36m (2.1ms)[0m  [1mCOMMIT[0m
Redirected to http://localhost:3000/projects/2
Completed 302 Found in 49ms (ActiveRecord: 36.8ms)


Started GET "/projects/2" for 127.0.0.1 at 2015-08-10 04:34:36 -0500
Processing by ProjectsController#show as HTML
  Parameters: {"id"=>"2"}
  [1m[35mProject Load (0.4ms)[0m  SELECT  "projects".* FROM "projects" WHERE "projects"."id" = $1 LIMIT 1  [["id", 2]]
  [1m[36mCACHE (0.0ms)[0m  [1mSELECT  "projects".* FROM "projects" WHERE "projects"."id" = $1 LIMIT 1[0m  [["id", "2"]]
  Rendered projects/show.html.erb within layouts/application (1.3ms)
Completed 200 OK in 101ms (Views: 96.0ms | ActiveRecord: 0.4ms)


Started GET "/project_categories" for 127.0.0.1 at 2015-08-10 04:34:54 -0500
Processing by ProjectCategoriesController#index as HTML
  [1m[35mProjectCategory Load (6.6ms)[0m  SELECT "project_categories".* FROM "project_categories"
  [1m[36mProject Load (1.7ms)[0m  [1mSELECT  "projects".* FROM "projects" WHERE "projects"."id" = $1 LIMIT 1[0m  [["id", 2]]
  Rendered project_categories/index.html.erb within layouts/application (190.0ms)
Completed 200 OK in 260ms (Views: 250.8ms | ActiveRecord: 8.3ms)
